<?xml version="1.0" encoding="UTF-8"?>
<testng-results ignored="0" total="1" passed="1" failed="0" skipped="0">
  <reporter-output>
    <line>
      <![CDATA[CreateModule]]>
    </line>
  </reporter-output>
  <suite started-at="2024-10-03T16:12:48 IST" name="Default suite" finished-at="2024-10-03T16:12:48 IST" duration-ms="53">
    <groups>
    </groups>
    <test started-at="2024-10-03T16:12:48 IST" name="Default test" finished-at="2024-10-03T16:12:48 IST" duration-ms="53">
      <class name="com.actitime.testscript.TaskModule">
        <test-method signature="CreateModule()[pri:0, instance:com.actitime.testscript.TaskModule@3daa422a]" started-at="2024-10-03T16:12:48 IST" name="CreateModule" finished-at="2024-10-03T16:12:48 IST" duration-ms="11" status="PASS">
          <reporter-output>
            <line>
              <![CDATA[CreateModule]]>
            </line>
          </reporter-output>
        </test-method> <!-- CreateModule -->
      </class> <!-- com.actitime.testscript.TaskModule -->
    </test> <!-- Default test -->
  </suite> <!-- Default suite -->
</testng-results>
